> Task :kaptGenerateStubsKotlin UP-TO-DATE
> Task :kaptKotlin UP-TO-DATE
> Task :compileKotlin UP-TO-DATE
> Task :compileJava NO-SOURCE
> Task :processResources UP-TO-DATE
> Task :classes UP-TO-DATE
> Task :inspectRuntimeClasspath UP-TO-DATE

> Task :run
starting server
 __  __ _                                  _   
|  \/  (_) ___ _ __ ___  _ __   __ _ _   _| |_ 
| |\/| | |/ __| '__/ _ \| '_ \ / _` | | | | __|
| |  | | | (__| | | (_) | | | | (_| | |_| | |_ 
|_|  |_|_|\___|_|  \___/|_| |_|\__,_|\__,_|\__|
  Micronaut (v3.8.1)

[36m18:47:08.787[0;39m [1;30m[main][0;39m [34mINFO [0;39m [35mo.h.validator.internal.util.Version[0;39m - HV000001: Hibernate Validator 6.2.5.Final
[36m18:47:09.044[0;39m [1;30m[main][0;39m [34mINFO [0;39m [35mio.micronaut.runtime.Micronaut[0;39m - Startup completed in 428ms. Server Running: http://localhost:8080

Exception in thread "DisconnectableInputStream source reader" org.gradle.api.UncheckedIOException: java.io.IOException: Input/output error
	at org.gradle.internal.UncheckedException.throwAsUncheckedException(UncheckedException.java:62)
	at org.gradle.internal.UncheckedException.throwAsUncheckedException(UncheckedException.java:41)
	at org.gradle.util.internal.DisconnectableInputStream$1.run(DisconnectableInputStream.java:127)
	at java.base/java.lang.Thread.run(Thread.java:1589)
Caused by: java.io.IOException: Input/output error
	at java.base/java.io.FileInputStream.readBytes(Native Method)
	at java.base/java.io.FileInputStream.read(FileInputStream.java:293)
	at java.base/java.io.BufferedInputStream.read1(BufferedInputStream.java:308)
	at java.base/java.io.BufferedInputStream.implRead(BufferedInputStream.java:382)
	at java.base/java.io.BufferedInputStream.read(BufferedInputStream.java:361)
	at org.gradle.util.internal.DisconnectableInputStream$1.run(DisconnectableInputStream.java:98)
	... 1 more
